2024-10-18 18:23:34,793 INFO Starting the application
2024-10-18 18:23:34,794 INFO Performing test search with query: which car has white colour?
2024-10-18 18:23:36,834 INFO Found 10 results for test query
2024-10-18 18:23:36,846 INFO Summarizing search results
2024-10-18 18:23:38,569 INFO Summary: The following cars are available in white:
- 2021 Toyota Camry
- 2020 Hyundai Elantra
- 2018 Honda Civic
- 2019 Hyundai Elantra
- 2022 BMW 3 Series
- 2020 Honda Civic
- 2018 Chevrolet Malibu
- 2022 Chevrolet Malibu
- 2017 Subaru Forester
- 2019 Chevrolet Malibu.
2024-10-18 18:23:38,578 INFO Application finished
2024-10-18 18:36:28,628 INFO Starting the application
2024-10-18 18:36:28,628 INFO Performing test search with query: which car has white colour?
2024-10-18 18:36:30,325 INFO Found 10 results for test query
2024-10-18 18:36:30,334 INFO Summarizing search results
2024-10-18 18:36:32,326 INFO Summary: Based on the search results, the following cars are available in white: 2021 Toyota Camry, 2020 Hyundai Elantra, 2018 Honda Civic, 2019 Hyundai Elantra, 2022 BMW 3 Series, 2020 Honda Civic, 2018 Chevrolet Malibu, 2022 Chevrolet Malibu, 2017 Subaru Forester, and 2019 Chevrolet Malibu.
2024-10-18 18:36:32,334 INFO Application finished
2024-10-18 18:40:48,690 INFO Starting the application
2024-10-18 18:40:48,690 INFO Performing test search with query: which car has white colour?
2024-10-18 18:40:50,958 INFO Found 10 results for test query
2024-10-18 18:40:50,966 INFO Summarizing search results
2024-10-18 18:40:52,934 INFO Summary: Based on the given search results, several cars are available in white such as the 2021 Toyota Camry, 2020 Hyundai Elantra, 2018 Honda Civic, 2019 Hyundai Elantra, 2022 BMW 3 Series, 2020 Honda Civic, 2018 Chevrolet Malibu, and 2022 Chevrolet Malibu. The 2017 Subaru Forester and 2019 Chevrolet Malibu are also included in the search results, but it is not stated whether they are available in white or not.
2024-10-18 18:40:52,942 INFO Application finished
2024-10-18 18:41:52,479 INFO Starting the application
2024-10-18 18:41:52,479 INFO Performing test search with query: which car has white colour?
2024-10-18 18:41:54,954 INFO Found 10 results for test query
2024-10-18 18:41:54,965 INFO Summarizing search results
2024-10-18 18:41:57,784 INFO Summary: The search results provide a list of car models with the white colour option. The cars available in white are:
- 2021 Toyota Camry 
- 2020 Hyundai Elantra
- 2018 Honda Civic
- 2019 Hyundai Elantra
- 2022 BMW 3 Series 
- 2020 Honda Civic 
- 2018 Chevrolet Malibu 
- 2022 Chevrolet Malibu 
- 2017 Subaru Forester
- 2019 Chevrolet Malibu 

Please note that the list may not be exhaustive and other car models may also be available in white.
2024-10-18 18:41:57,796 INFO Application finished
2024-10-18 18:42:31,720 INFO Starting the application
2024-10-18 18:42:31,721 INFO Performing test search with query: which car has white colour?
2024-10-18 18:42:33,831 INFO Found 10 results for test query
2024-10-18 18:42:33,831 INFO Summarizing search results
2024-10-18 18:42:35,765 INFO Summary: Based on the search results, there are several car options that are available in white color. Some of the cars mentioned in the search results are 2021 Toyota Camry, 2020 Hyundai Elantra, 2018 Honda Civic, 2019 Hyundai Elantra, 2020 Honda Civic, 2018 Chevrolet Malibu, 2022 Chevrolet Malibu, 2017 Subaru Forester, and 2019 Chevrolet Malibu.
2024-10-18 18:42:35,778 INFO Application finished
2024-10-18 18:43:00,811 INFO Starting the application
2024-10-18 18:43:00,811 INFO Performing test search with query: which car has white colour?
2024-10-18 18:43:03,689 INFO Found 10 results for test query
2024-10-18 18:43:03,695 INFO Summarizing search results
2024-10-18 18:43:05,764 INFO Summary: Based on the search results, several cars are available in white, including the 2021 Toyota Camry, 2020 Hyundai Elantra, 2018 Honda Civic, 2019 Hyundai Elantra, 2022 BMW 3 Series, 2020 Honda Civic, 2018 Chevrolet Malibu, 2017 Subaru Forester, 2022 Chevrolet Malibu, and 2019 Chevrolet Malibu.
2024-10-18 18:43:05,774 INFO Application finished
2024-10-21 10:11:18,501 INFO Starting the application
2024-10-21 10:11:18,501 INFO Performing test search with query: which car has white colour?
2024-10-21 10:11:19,977 INFO Found 10 results for test query
2024-10-21 10:11:19,980 INFO Summarizing search results
2024-10-21 10:11:21,621 INFO Summary: Based on the search results, these are the cars that come in white color: 
- 2021 Toyota Camry
- 2020 Hyundai Elantra
- 2018 Honda Civic
- 2019 Hyundai Elantra
- 2022 BMW 3 Series
- 2020 Honda Civic
- 2018 Chevrolet Malibu
- 2022 Chevrolet Malibu
- 2017 Subaru Forester
- 2019 Chevrolet Malibu.
2024-10-21 10:11:21,628 INFO Application finished
2024-10-21 11:33:00,658 INFO Starting the application
2024-10-21 11:33:00,659 INFO Performing test search with query: which car has black colour?
2024-10-21 11:33:01,558 WARNING No results found for test query
2024-10-21 11:33:01,680 INFO Application finished
2024-10-21 17:23:25,185 INFO Starting the application
2024-10-21 17:23:25,185 INFO Performing test search with query: which car has white colour?
2024-10-21 17:23:26,452 WARNING No results found for test query
2024-10-21 17:23:26,694 INFO Application finished
2024-10-29 16:07:06,727 INFO Starting the application
2024-10-29 16:07:06,727 INFO Performing test search with query: which car has white colour?
2024-10-29 16:08:53,126 INFO Starting the application
2024-10-29 16:08:53,126 INFO Performing test search with query: which car has white colour?
2024-10-29 16:09:24,268 INFO Starting the application
2024-10-29 16:09:24,269 INFO Performing test search with query: which car has white colour?
2024-10-29 16:12:12,889 INFO Starting the application
2024-10-29 16:12:12,889 INFO Performing test search with query: which car has white colour?
2024-10-29 16:12:50,829 INFO Starting the application
2024-10-29 16:12:50,829 INFO Performing test search with query: which car has white colour?
2024-10-29 16:12:51,629 INFO Found 10 results for test query
2024-10-29 16:12:51,636 INFO Summarizing search results
2024-10-29 16:12:51,793 INFO Summary: An error occurred while summarizing the search results.
2024-10-29 16:12:51,810 INFO Application finished
2024-10-29 16:16:11,345 INFO Starting the application
2024-10-29 16:16:11,345 INFO Performing test search with query: which car has white colour?
2024-10-29 16:16:12,092 INFO Found 10 results for test query
2024-10-29 16:16:12,110 INFO Summarizing search results
2024-10-29 16:16:12,264 INFO Summary: An error occurred while summarizing the search results.
2024-10-29 16:16:12,273 INFO Application finished
2024-10-29 16:19:28,415 INFO Starting the application
2024-10-29 16:19:28,415 INFO Performing test search with query: which car has white colour?
2024-10-29 16:19:29,281 WARNING No results found for test query
2024-10-29 16:19:29,428 INFO Application finished
2024-10-29 16:19:40,979 INFO Starting the application
2024-10-29 16:19:40,979 INFO Performing test search with query: which car has white colour?
2024-10-29 16:19:41,839 WARNING No results found for test query
2024-10-29 16:19:41,955 INFO Application finished
2024-10-29 16:20:01,064 INFO Starting the application
2024-10-29 16:20:01,064 INFO Performing test search with query: which car is present?
2024-10-29 16:20:01,702 WARNING No results found for test query
2024-10-29 16:20:01,798 INFO Application finished
2024-10-29 16:20:29,960 INFO Starting the application
2024-10-29 16:20:29,960 INFO Performing test search with query: print the question?
2024-10-29 16:20:30,779 WARNING No results found for test query
2024-10-29 16:20:30,930 INFO Application finished
2024-10-29 16:21:44,987 INFO Starting the application
2024-10-29 16:21:44,987 INFO Performing test search with query: which car has white colour?
2024-10-29 16:21:45,612 WARNING No results found for test query
2024-10-29 16:21:45,753 INFO Application finished
2024-10-29 16:29:05,846 INFO Starting the application
2024-10-29 16:29:05,847 INFO Performing test search with query: which car has white colour?
2024-10-29 16:29:06,518 WARNING No results found for test query
2024-10-29 16:29:06,632 INFO Application finished
2024-10-29 16:32:07,916 INFO Starting the application
2024-10-29 16:32:07,916 INFO Performing test search with query: list name of cars?
2024-10-29 16:32:08,554 WARNING No results found for test query
2024-10-29 16:32:08,646 INFO Application finished
2024-10-29 16:32:44,216 INFO Starting the application
2024-10-29 16:32:44,216 INFO Performing test search with query: list name of cars?
2024-10-29 16:32:45,104 WARNING No results found for test query
2024-10-29 16:32:45,246 INFO Application finished
2024-10-29 16:35:45,322 INFO Starting the application
2024-10-29 16:35:45,322 INFO Performing test search with query: list name of cars?
2024-10-29 16:35:46,816 WARNING No results found for test query
2024-10-29 16:35:47,028 INFO Application finished
2024-10-29 17:19:22,670 INFO Starting the application
2024-10-29 17:19:22,670 INFO Performing test search with query: list name of cars?
2024-10-29 17:19:23,433 WARNING No results found for test query
2024-10-29 17:19:23,592 INFO Application finished
2024-10-29 17:39:45,028 INFO Starting the application
2024-10-29 17:39:45,028 INFO Performing test search with query: list name of cars?
2024-10-29 17:39:45,768 WARNING No results found for test query
2024-10-29 17:39:45,868 INFO Application finished
2024-10-29 17:52:22,690 INFO Starting the application
2024-10-29 17:52:22,690 INFO Performing test search with query: list name of cars?
2024-10-29 17:52:23,497 WARNING No results found for test query
2024-10-29 17:52:23,639 INFO Application finished
2024-10-29 18:09:27,548 INFO Starting the application
2024-10-29 18:09:27,548 INFO Performing test search with query: list name of cars?
2024-10-29 18:09:29,327 INFO Found 10 results for test query
2024-10-29 18:09:29,338 INFO Summarizing search results
2024-10-29 18:09:35,788 INFO Summary: The search results do not provide a comprehensive list of car names. They mainly consist of messages from car dealers regarding the availability of specific car models. Therefore, there isn't a relevant answer to the query.
2024-10-29 18:09:35,837 INFO Application finished
2024-10-29 18:13:26,024 INFO Starting the application
2024-10-29 18:13:26,025 INFO Performing test search with query: what car models are available in white?
2024-10-29 18:13:26,674 INFO Found 10 results for test query
2024-10-29 18:13:26,682 INFO Summarizing search results
2024-10-29 18:13:28,125 INFO Summary: Based on these search results, car models available in white include the 2020 Honda Civic, 2020 Hyundai Elantra, 2019 Hyundai Elantra, 2018 Audi A6, 2023 Nissan Versa SV, 2020 Chevrolet Malibu, 2022 Chevrolet Malibu, 2020 Nissan Versa SV, and 2021 Ford Explorer.
2024-10-29 18:13:28,138 INFO Application finished
2024-10-29 18:17:24,313 INFO Starting the application
2024-10-29 18:18:00,051 INFO Performing test search with query: what car models are available in black
2024-10-29 18:18:01,066 INFO Found 10 results for test query
2024-10-29 18:18:01,151 INFO Summarizing search results
2024-10-29 18:18:03,219 INFO Summary: Based on the search results, the following car models are available in black: 
- 2023 Audi A6
- 2023 Chevrolet Malibu
- 2017 Chevrolet Malibu
- 2018 Chevrolet Malibu
- 2021 Ford Explorer
- 2022 Nissan Versa SV
- 2018 Nissan Versa SV
- 2017 Nissan Versa SV
- 2023 Subaru Forester 

Therefore, if you are searching for a car model that comes in black, you can choose from these car models.
2024-10-29 18:18:03,253 INFO Application finished
2024-10-29 18:19:41,429 INFO Starting the application
2024-10-29 18:19:59,242 INFO Performing test search with query: what car models are available in green
2024-10-29 18:19:59,958 INFO Found 10 results for test query
2024-10-29 18:19:59,965 INFO Summarizing search results
2024-10-29 18:20:01,553 INFO Summary: There are several car models available in green including the 2020 BMW 3 Series, the 2019 and 2016 Toyota Camry, the 2017 and 2016 Hyundai Elantra, the 2017 Honda Civic, the 2017 and 2019 Subaru Forester, and the 2017 and 2019 Chevrolet Malibu.
2024-10-29 18:20:01,564 INFO Application finished
2024-10-29 18:20:11,548 INFO Starting the application
2024-10-29 18:20:23,739 INFO Performing test search with query: what car available in black
2024-10-29 18:20:24,303 INFO Found 10 results for test query
2024-10-29 18:20:24,331 INFO Summarizing search results
2024-10-29 18:20:26,236 INFO Summary: Based on the search results, the following cars are available in black:
- 2023 Audi A6
- 2017 Chevrolet Malibu
- 2023 Chevrolet Malibu
- 2018 Chevrolet Malibu
- 2017 Nissan Versa SV
- 2019 Subaru Forester
- 2018 Nissan Versa SV
- 2018 Nissan Versa SV
- 2021 Ford Explorer
- 2022 Nissan Versa SV

Therefore, there are several cars available in black that you could choose from.
2024-10-29 18:20:26,249 INFO Application finished
2024-10-29 18:53:37,869 INFO Starting the application
2024-10-29 18:54:06,436 INFO Performing test search with query: what is demand for white and black cars
2024-10-29 18:54:07,057 INFO Found 10 results for test query
2024-10-29 18:54:07,090 INFO Summarizing search results
2024-10-29 18:54:08,457 INFO Summary: I apologize, but the search results provided do not contain any information on the demand for white and black cars.
2024-10-29 18:54:08,506 INFO Application finished
2024-10-29 18:54:28,395 INFO Starting the application
2024-10-29 18:54:40,526 INFO Performing test search with query: what 2020 model cars are present
2024-10-29 18:54:41,182 INFO Found 10 results for test query
2024-10-29 18:54:41,239 INFO Summarizing search results
2024-10-29 18:54:42,659 INFO Summary: Based on the search results, it appears that there are several 2020 model cars available from various manufacturers such as Toyota, Hyundai, Honda, Chevrolet, BMW, and Audi. However, the search results predominantly show inquiries about the availability of specific models, so it is recommended to check with a dealership or manufacturer for an accurate list of 2020 model cars that are currently available.
2024-10-29 18:54:42,671 INFO Application finished
2024-10-29 18:57:37,364 INFO Starting the application
2024-10-29 18:58:02,819 INFO Performing test search with query: what colour options present for Audi A6
2024-10-29 18:58:03,475 INFO Found 10 results for test query
2024-10-29 18:58:03,558 INFO Summarizing search results
2024-10-29 18:58:05,030 INFO Summary: The search results provide a list of color options available for the Audi A6. The available color options seem to vary depending on the year and model of the car. Common color options include white, red, blue, silver, and black.

Concise answer: The color options available for the Audi A6 vary depending on the year and model, but commonly include white, red, blue, silver, and black.
2024-10-29 18:58:05,042 INFO Application finished
2024-10-30 17:03:54,306 INFO Starting the application
2024-10-30 17:04:17,053 INFO Starting the application
2024-10-30 17:28:00,321 INFO Starting the application
2024-10-30 17:28:24,058 INFO Performing test search with query: what are the cars available in white 
2024-10-30 17:28:25,144 INFO Found 10 results for test query
2024-10-30 17:28:25,157 INFO Summarizing search results
2024-10-30 17:28:26,729 INFO Summary: The search results suggest that there are several car models available in white, including the 2020 Hyundai Elantra, 2020 Honda Civic, 2019 Hyundai Elantra, 2018 Audi A6, 2020 Nissan Versa SV, 2023 Nissan Versa SV, 2020 Chevrolet Malibu, 2022 Chevrolet Malibu, and 2021 Ford Explorer.
2024-10-30 17:28:26,739 INFO Application finished
2024-10-30 21:03:05,756 INFO Starting the application
2024-10-30 21:03:05,756 INFO Generating embeddings for all documents
2024-10-30 21:04:14,023 INFO Performing test search with query: what clours of car models are most available in sample
2024-10-30 21:04:14,344 INFO Found 10 results for test query
2024-10-30 21:04:14,417 INFO Summarizing search results
2024-10-30 21:04:15,572 INFO Summary: Based on the search results, it is unclear which colors of car models are most available in the sample as there is no clear pattern among the results. However, it seems that blue is a popular color as there are multiple queries about cars being available in that color.
2024-10-30 21:04:15,584 INFO Application finished
2024-10-30 21:07:17,235 INFO Starting the application
2024-10-30 21:07:45,058 INFO Performing test search with query: what 2021 car available in red
2024-10-30 21:07:45,689 INFO Found 10 results for test query
2024-10-30 21:07:45,699 INFO Summarizing search results
2024-10-30 21:07:47,025 INFO Summary: - The 2021 Toyota Camry is available in red.
- The 2021 Audi A6 is available in red.
- The 2022 Ford Explorer is available in red.
- It is unclear from the search results if the 2020 Honda Civic, 2020 Audi A6, 2017 Honda Civic, 2021 Honda Civic, 2017 Toyota Camry, 2016 Hyundai Elantra, or 2019 BMW 3 Series are available in red.
2024-10-30 21:07:47,040 INFO Application finished
2024-10-30 21:08:14,476 INFO Starting the application
2024-10-30 21:08:34,076 INFO Performing test search with query: is bmw available in black
2024-10-30 21:08:34,754 INFO Found 10 results for test query
2024-10-30 21:08:34,769 INFO Summarizing search results
2024-10-30 21:08:36,287 INFO Summary: - The search results show different BMW models in various colors.
- There are multiple BMW 3 Series available in black (2016, 2017, and 2020).
- There are also other color options available for different BMW 3 Series models from different years.
- Unfortunately, the search results do not provide a single concise answer to the query.
2024-10-30 21:08:36,298 INFO Application finished
